2026-03-08 13:15:23,678 - INFO - Samples: 368
2026-03-08 13:15:23,678 - INFO - Features: 26 (7 числовых + 19 категориальных)
2026-03-08 13:15:23,678 - INFO - Классы: выжил=0 (232), умер=1 (136)
2026-03-08 13:15:23,678 - INFO - Пропуски: 1927 (20.1 %)
2026-03-08 13:15:23,683 - INFO - Размер тренировочной выборки: 235
2026-03-08 13:15:23,683 - INFO - Размер валидационной выборки: 59
2026-03-08 13:15:23,683 - INFO - Размер тестовой выборки: 74
2026-03-08 13:15:23,683 - INFO - Обучаем кастомное дерево ID3
2026-03-08 13:15:23,739 - INFO - Глубина: 4,  Узлов: 103
2026-03-08 13:15:23,741 - INFO - 
ID3 train (до редукции)
Accuracy: 1.0000, Precision: 1.0000, Recall: 1.0000, F1: 1.0000
2026-03-08 13:15:23,742 - INFO - 
ID3 test (до редукции)
Accuracy: 0.8919, Precision: 0.8914, Recall: 0.8919, F1: 0.8909
2026-03-08 13:15:23,742 - INFO - Применяем Reduced Error Pruning (валидационная выборка)...
2026-03-08 13:15:23,743 - INFO - Глубина после редукции: 2,  Узлов: 63
2026-03-08 13:15:23,744 - INFO - 
ID3 train (после редукции)
Accuracy: 0.9404, Precision: 0.9426, Recall: 0.9404, F1: 0.9396
2026-03-08 13:15:23,745 - INFO - 
ID3 test (после редукции)
Accuracy: 0.8919, Precision: 0.8936, Recall: 0.8919, F1: 0.8898
2026-03-08 13:15:23,745 - INFO - Обучаем sklearn DecisionTreeClassifier
2026-03-08 13:15:23,747 - INFO - 
sklearn DecisionTree – Test
Accuracy: 0.8243, Precision: 0.8237, Recall: 0.8243, F1: 0.8198
